<?xml version="1.0" encoding="UTF-8"?>
<!-- Generated by org.testng.reporters.JUnitReportReporter -->
<testsuite hostname="DESKTOP-G8C47MF" failures="0" tests="1" name="Day7.VerifyUrl" time="9.640" errors="0" timestamp="6 Jul 2023 12:07:00 GMT">
  <testcase classname="Day7.VerifyUrl" name="Url" time="9.640"/>
</testsuite> <!-- Day7.VerifyUrl -->
