<?xml version="1.0" encoding="UTF-8"?>
<!-- Generated by org.testng.reporters.JUnitReportReporter -->
<testsuite hostname="DESKTOP-G8C47MF" failures="0" tests="1" name="Day7.VerifyTitle" time="6.792" errors="0" timestamp="6 Jul 2023 12:07:00 GMT">
  <testcase classname="Day7.VerifyTitle" name="Title" time="6.792"/>
</testsuite> <!-- Day7.VerifyTitle -->
