<?xml version="1.0" encoding="UTF-8"?>
<!-- Generated by org.testng.reporters.JUnitReportReporter -->
<testsuite hostname="DESKTOP-G8C47MF" failures="0" tests="1" name="Day7.VerifyLogin" time="13.287" errors="0" timestamp="6 Jul 2023 12:07:00 GMT">
  <testcase classname="Day7.VerifyLogin" name="Login" time="13.287"/>
</testsuite> <!-- Day7.VerifyLogin -->
