<?xml version="1.0" encoding="UTF-8"?>
<!-- Generated by org.testng.reporters.JUnitReportReporter -->
<testsuite hostname="DESKTOP-G8C47MF" failures="0" tests="1" name="Day7.RecordingTest" time="18.626" errors="0" timestamp="6 Jul 2023 15:01:49 GMT">
  <testcase classname="Day7.RecordingTest" name="Verifylinks" time="18.626"/>
</testsuite> <!-- Day7.RecordingTest -->
