<?xml version="1.0" encoding="UTF-8"?>
<!-- Generated by org.testng.reporters.JUnitReportReporter -->
<testsuite hostname="DESKTOP-G8C47MF" failures="0" tests="1" name="Testcase.Logintest" time="2.662" errors="0" timestamp="10 Jul 2023 19:08:18 GMT">
  <testcase classname="Testcase.Logintest" name="loginapp" time="2.662"/>
</testsuite> <!-- Testcase.Logintest -->
